<?xml version="1.0" encoding="UTF-8"?>
<testsuite name="com.varu.sahaj.snakeladder.model.GameTest" tests="7" skipped="0" failures="0" errors="0" timestamp="2022-02-07T02:07:19" hostname="debojyotis-macair.local" time="0.096">
  <properties/>
  <testcase name="testGetWinner_givenGameNotFinished_thenThrowException()" classname="com.varu.sahaj.snakeladder.model.GameTest" time="0.063"/>
  <testcase name="testPlayNextMove_givenGameFinished_thenThrowException()" classname="com.varu.sahaj.snakeladder.model.GameTest" time="0.008"/>
  <testcase name="testIsFinished_givenGameFinished_thenReturnTrue()" classname="com.varu.sahaj.snakeladder.model.GameTest" time="0.003"/>
  <testcase name="testPlayNextMove_givenRollGivesOne6_thenTokenShouldMovesTwice()" classname="com.varu.sahaj.snakeladder.model.GameTest" time="0.004"/>
  <testcase name="testIsFinished_givenGameStartedButNotFinished_thenReturnFalse()" classname="com.varu.sahaj.snakeladder.model.GameTest" time="0.003"/>
  <testcase name="testIsFinished_givenGameNotStarted_thenReturnFalse()" classname="com.varu.sahaj.snakeladder.model.GameTest" time="0.001"/>
  <testcase name="testGetWinner_givenGameFinished_thenReturnPlayer()" classname="com.varu.sahaj.snakeladder.model.GameTest" time="0.005"/>
  <system-out><![CDATA[testPlayer ->[+5]-> 100 ]]>&#x1fa9c;<![CDATA[
testPlayer ->[+4]-> 100 ]]>&#x1fa9c;<![CDATA[
testPlayer ->[+6]-> 6
testPlayer ->[+2]-> 8
testPlayer ->[+3]-> 50 ]]>&#x1fa9c;<![CDATA[
testPlayer ->[+5]-> 100 ]]>&#x1fa9c;<![CDATA[
]]></system-out>
  <system-err><![CDATA[]]></system-err>
</testsuite>
